<?xml version="1.0" encoding="UTF-8"?>
<!-- Generated by org.testng.reporters.JUnitReportReporter -->
<testsuite hostname="ZCHD-CQR-UTKARSH-SHWETAM" failures="0" tests="11" name="WebAutomation.automation.test.EnquiryTest" time="2.116" errors="1" timestamp="2022-06-02T17:10:55 IST" skipped="10">
  <testcase classname="WebAutomation.automation.test.EnquiryTest" name="classSetUp" time="2.115">
    <error message="no such window: target window already closed
from unknown error: web view not found
  (Session info: chrome=102.0.5005.63)
Build info: version: &#039;4.1.1&#039;, revision: &#039;e8fcc2cecf&#039;
System info: host: &#039;ZCHD-CQR-UTKARS&#039;, ip: &#039;10.38.144.63&#039;, os.name: &#039;Windows 10&#039;, os.arch: &#039;amd64&#039;, os.version: &#039;10.0&#039;, java.version: &#039;17.0.2&#039;
Driver info: org.openqa.selenium.chrome.ChromeDriver
Command: [9d69473b0625a83f9fec75781c2f0c43, findElement {using=id, value=admin_email}]
Capabilities {acceptInsecureCerts: false, browserName: chrome, browserVersion: 102.0.5005.63, chrome: {chromedriverVersion: 102.0.5005.61 (0e59bcc00cc4..., userDataDir: C:\Users\User\AppData\Local...}, goog:chromeOptions: {debuggerAddress: localhost:54444}, javascriptEnabled: true, networkConnectionEnabled: false, pageLoadStrategy: normal, platform: WINDOWS, platformName: WINDOWS, proxy: Proxy(), se:cdp: ws://localhost:54444/devtoo..., se:cdpVersion: 102.0.5005.63, setWindowRect: true, strictFileInteractability: false, timeouts: {implicit: 0, pageLoad: 300000, script: 30000}, unhandledPromptBehavior: dismiss and notify, webauthn:extension:credBlob: true, webauthn:extension:largeBlob: true, webauthn:virtualAuthenticators: true}
Session ID: 9d69473b0625a83f9fec75781c2f0c43" type="org.openqa.selenium.NoSuchWindowException">
      <![CDATA[org.openqa.selenium.NoSuchWindowException: no such window: target window already closed
from unknown error: web view not found
  (Session info: chrome=102.0.5005.63)
Build info: version: '4.1.1', revision: 'e8fcc2cecf'
System info: host: 'ZCHD-CQR-UTKARS', ip: '10.38.144.63', os.name: 'Windows 10', os.arch: 'amd64', os.version: '10.0', java.version: '17.0.2'
Driver info: org.openqa.selenium.chrome.ChromeDriver
Command: [9d69473b0625a83f9fec75781c2f0c43, findElement {using=id, value=admin_email}]
Capabilities {acceptInsecureCerts: false, browserName: chrome, browserVersion: 102.0.5005.63, chrome: {chromedriverVersion: 102.0.5005.61 (0e59bcc00cc4..., userDataDir: C:\Users\User\AppData\Local...}, goog:chromeOptions: {debuggerAddress: localhost:54444}, javascriptEnabled: true, networkConnectionEnabled: false, pageLoadStrategy: normal, platform: WINDOWS, platformName: WINDOWS, proxy: Proxy(), se:cdp: ws://localhost:54444/devtoo..., se:cdpVersion: 102.0.5005.63, setWindowRect: true, strictFileInteractability: false, timeouts: {implicit: 0, pageLoad: 300000, script: 30000}, unhandledPromptBehavior: dismiss and notify, webauthn:extension:credBlob: true, webauthn:extension:largeBlob: true, webauthn:virtualAuthenticators: true}
Session ID: 9d69473b0625a83f9fec75781c2f0c43
at java.base/jdk.internal.reflect.NativeConstructorAccessorImpl.newInstance0(Native Method)
at java.base/jdk.internal.reflect.NativeConstructorAccessorImpl.newInstance(NativeConstructorAccessorImpl.java:77)
at java.base/jdk.internal.reflect.DelegatingConstructorAccessorImpl.newInstance(DelegatingConstructorAccessorImpl.java:45)
at java.base/java.lang.reflect.Constructor.newInstanceWithCaller(Constructor.java:499)
at java.base/java.lang.reflect.Constructor.newInstance(Constructor.java:480)
at org.openqa.selenium.remote.codec.w3c.W3CHttpResponseCodec.createException(W3CHttpResponseCodec.java:200)
at org.openqa.selenium.remote.codec.w3c.W3CHttpResponseCodec.decode(W3CHttpResponseCodec.java:133)
at org.openqa.selenium.remote.codec.w3c.W3CHttpResponseCodec.decode(W3CHttpResponseCodec.java:53)
at org.openqa.selenium.remote.HttpCommandExecutor.execute(HttpCommandExecutor.java:184)
at org.openqa.selenium.remote.service.DriverCommandExecutor.invokeExecute(DriverCommandExecutor.java:167)
at org.openqa.selenium.remote.service.DriverCommandExecutor.execute(DriverCommandExecutor.java:142)
at org.openqa.selenium.remote.RemoteWebDriver.execute(RemoteWebDriver.java:543)
at org.openqa.selenium.remote.ElementLocation$ElementFinder$2.findElement(ElementLocation.java:162)
at org.openqa.selenium.remote.ElementLocation.findElement(ElementLocation.java:66)
at org.openqa.selenium.remote.RemoteWebDriver.findElement(RemoteWebDriver.java:367)
at org.openqa.selenium.remote.RemoteWebDriver.findElement(RemoteWebDriver.java:359)
at org.openqa.selenium.support.pagefactory.DefaultElementLocator.findElement(DefaultElementLocator.java:70)
at org.openqa.selenium.support.pagefactory.internal.LocatingElementHandler.invoke(LocatingElementHandler.java:39)
at jdk.proxy2/jdk.proxy2.$Proxy16.sendKeys(Unknown Source)
at WebAutomation.automation.LoginPage.setUserName(LoginPage.java:27)
at WebAutomation.automation.test.BaseClass.loginUser(BaseClass.java:39)
at WebAutomation.automation.test.EnquiryTest.classSetUp(EnquiryTest.java:18)
at java.base/jdk.internal.reflect.NativeMethodAccessorImpl.invoke0(Native Method)
at java.base/jdk.internal.reflect.NativeMethodAccessorImpl.invoke(NativeMethodAccessorImpl.java:77)
at java.base/jdk.internal.reflect.DelegatingMethodAccessorImpl.invoke(DelegatingMethodAccessorImpl.java:43)
at java.base/java.lang.reflect.Method.invoke(Method.java:568)
at org.testng.internal.invokers.MethodInvocationHelper.invokeMethod(MethodInvocationHelper.java:135)
at org.testng.internal.invokers.MethodInvocationHelper.invokeMethodConsideringTimeout(MethodInvocationHelper.java:65)
at org.testng.internal.invokers.ConfigInvoker.invokeConfigurationMethod(ConfigInvoker.java:381)
at org.testng.internal.invokers.ConfigInvoker.invokeConfigurations(ConfigInvoker.java:319)
at org.testng.internal.invokers.TestMethodWorker.invokeBeforeClassMethods(TestMethodWorker.java:178)
at org.testng.internal.invokers.TestMethodWorker.run(TestMethodWorker.java:122)
at java.base/java.util.ArrayList.forEach(ArrayList.java:1511)
at org.testng.TestRunner.privateRun(TestRunner.java:808)
at org.testng.TestRunner.run(TestRunner.java:603)
at org.testng.SuiteRunner.runTest(SuiteRunner.java:429)
at org.testng.SuiteRunner.runSequentially(SuiteRunner.java:423)
at org.testng.SuiteRunner.privateRun(SuiteRunner.java:383)
at org.testng.SuiteRunner.run(SuiteRunner.java:326)
at org.testng.SuiteRunnerWorker.runSuite(SuiteRunnerWorker.java:52)
at org.testng.SuiteRunnerWorker.run(SuiteRunnerWorker.java:95)
at org.testng.TestNG.runSuitesSequentially(TestNG.java:1249)
at org.testng.TestNG.runSuitesLocally(TestNG.java:1169)
at org.testng.TestNG.runSuites(TestNG.java:1092)
at org.testng.TestNG.run(TestNG.java:1060)
at org.testng.remote.AbstractRemoteTestNG.run(AbstractRemoteTestNG.java:115)
at org.testng.remote.RemoteTestNG.initAndRun(RemoteTestNG.java:251)
at org.testng.remote.RemoteTestNG.main(RemoteTestNG.java:77)
]]>
    </error>
  </testcase> <!-- classSetUp -->
  <system-out/>
  <testcase classname="WebAutomation.automation.test.EnquiryTest" name="testEnquiryPageIsOpened" time="0.000">
    <skipped/>
  </testcase> <!-- testEnquiryPageIsOpened -->
  <system-out/>
  <testcase classname="WebAutomation.automation.test.EnquiryTest" name="testEnquiryDetailsPageIsOpened" time="0.000">
    <skipped/>
  </testcase> <!-- testEnquiryDetailsPageIsOpened -->
  <system-out/>
  <testcase classname="WebAutomation.automation.test.EnquiryTest" name="testCorrectEnquiryIsOpened" time="0.000">
    <skipped/>
  </testcase> <!-- testCorrectEnquiryIsOpened -->
  <system-out/>
  <testcase classname="WebAutomation.automation.test.EnquiryTest" name="testNoOfComponentsManufacturedIntegerInput" time="0.000">
    <skipped/>
  </testcase> <!-- testNoOfComponentsManufacturedIntegerInput -->
  <system-out/>
  <testcase classname="WebAutomation.automation.test.EnquiryTest" name="testNoOfComponentsManufacturedStringInput" time="0.000">
    <skipped/>
  </testcase> <!-- testNoOfComponentsManufacturedStringInput -->
  <system-out/>
  <testcase classname="WebAutomation.automation.test.EnquiryTest" name="testTotalPriceForComponents" time="0.000">
    <skipped/>
  </testcase> <!-- testTotalPriceForComponents -->
  <system-out/>
  <testcase classname="WebAutomation.automation.test.EnquiryTest" name="testSearchEnquiry" time="0.001">
    <skipped/>
  </testcase> <!-- testSearchEnquiry -->
  <system-out/>
  <testcase classname="WebAutomation.automation.test.EnquiryTest" name="testShiftEnquiryPageIsOpened" time="0.000">
    <skipped/>
  </testcase> <!-- testShiftEnquiryPageIsOpened -->
  <system-out/>
  <testcase classname="WebAutomation.automation.test.EnquiryTest" name="testviewShiftEnquiryIsOpened" time="0.000">
    <skipped/>
  </testcase> <!-- testviewShiftEnquiryIsOpened -->
  <system-out/>
  <testcase classname="WebAutomation.automation.test.EnquiryTest" name="testverifySearchShiftAnalysis" time="0.000">
    <skipped/>
  </testcase> <!-- testverifySearchShiftAnalysis -->
  <system-out/>
</testsuite> <!-- WebAutomation.automation.test.EnquiryTest -->
